<?xml version="1.0" encoding="UTF-8"?>
<testng-results ignored="0" total="1" passed="1" failed="0" skipped="0">
  <reporter-output>
  </reporter-output>
  <suite started-at="2022-11-27T15:47:10 ICT" name="com.giaphi.demo.tests.LoginTest" finished-at="2022-11-27T15:47:17 ICT" duration-ms="6222">
    <groups>
    </groups>
    <test started-at="2022-11-27T15:47:10 ICT" name="Command line test" finished-at="2022-11-27T15:47:17 ICT" duration-ms="6222">
      <class name="com.giaphi.demo.tests.LoginTest">
        <test-method signature="testLogin()[pri:0, instance:com.giaphi.demo.tests.LoginTest@41aaedaa]" started-at="2022-11-27T15:47:11 ICT" name="testLogin" finished-at="2022-11-27T15:47:16 ICT" duration-ms="5448" status="PASS">
          <reporter-output>
          </reporter-output>
        </test-method> <!-- testLogin -->
        <test-method is-config="true" signature="dispose()[pri:0, instance:com.giaphi.demo.tests.LoginTest@41aaedaa]" started-at="2022-11-27T15:47:16 ICT" name="dispose" finished-at="2022-11-27T15:47:17 ICT" duration-ms="707" status="PASS">
          <reporter-output>
          </reporter-output>
        </test-method> <!-- dispose -->
      </class> <!-- com.giaphi.demo.tests.LoginTest -->
    </test> <!-- Command line test -->
  </suite> <!-- com.giaphi.demo.tests.LoginTest -->
</testng-results>
