<?xml version="1.0" encoding="UTF-8"?>
<testng-results ignored="0" total="1" passed="1" failed="0" skipped="0">
  <reporter-output>
  </reporter-output>
  <suite started-at="2022-11-27T15:41:19 ICT" name="Command line suite" finished-at="2022-11-27T15:41:25 ICT" duration-ms="6411">
    <groups>
    </groups>
    <test started-at="2022-11-27T15:41:19 ICT" name="Command line test" finished-at="2022-11-27T15:41:25 ICT" duration-ms="6411">
      <class name="com.giaphi.demo.tests.LoginTest">
        <test-method signature="testLogin()[pri:0, instance:com.giaphi.demo.tests.LoginTest@56ccd751]" started-at="2022-11-27T15:41:19 ICT" name="testLogin" finished-at="2022-11-27T15:41:25 ICT" duration-ms="5641" status="PASS">
          <reporter-output>
          </reporter-output>
        </test-method> <!-- testLogin -->
        <test-method is-config="true" signature="dispose()[pri:0, instance:com.giaphi.demo.tests.LoginTest@56ccd751]" started-at="2022-11-27T15:41:25 ICT" name="dispose" finished-at="2022-11-27T15:41:25 ICT" duration-ms="695" status="PASS">
          <reporter-output>
          </reporter-output>
        </test-method> <!-- dispose -->
      </class> <!-- com.giaphi.demo.tests.LoginTest -->
    </test> <!-- Command line test -->
  </suite> <!-- Command line suite -->
</testng-results>
